<?xml version="1.0" encoding="UTF-8"?>
<testsuite xmlns:xsi="http://www.w3.org/2001/XMLSchema-instance" xsi:schemaLocation="https://maven.apache.org/surefire/maven-surefire-plugin/xsd/surefire-test-report.xsd" name="InitializationTest" time="0.569" tests="1" errors="1" skipped="0" failures="0">
  <properties>
[...]
</properties>
  <testcase name="run" classname="InitializationTest" time="0.569">
    <error message="Failures in running stories: ReportsCount[stories=7,storiesNotAllowed=0,storiesPending=0,scenarios=32,scenariosFailed=9,scenariosNotAllowed=0,scenariosPending=0,stepsFailed=9]" type="org.jbehave.core.embedder.Embedder$RunningStoriesFailed">org.jbehave.core.embedder.Embedder$RunningStoriesFailed: Failures in running stories: ReportsCount[stories=7,storiesNotAllowed=0,storiesPending=0,scenarios=32,scenariosFailed=9,scenariosNotAllowed=0,scenariosPending=0,stepsFailed=9]
	at org.jbehave.core.junit.JUnitStory.run(JUnitStory.java:24)
</error>
    <system-out><![CDATA[Processing system properties {}
Using controls EmbedderControls[batch=false,skip=false,generateViewAfterStories=true,ignoreFailureInStories=false,ignoreFailureInView=false,verboseFailures=false,verboseFiltering=false,storyTimeouts=300,threads=1,failOnStoryTimeout=false]

(BeforeStories)

Running story initialization_test.story

(initialization_test.story)
Scenario: Save matrix
Given evaluator
When evaluate A = [[1,2,4], [4, 5, 6]]
Then should equal [[1.00, 2.00, 4.00], [4.00, 5.00, 6.00]]

Scenario: Input matrix in invalid format
Given evaluator
When evaluate [[2,44, 3,444, ], [6,45, 2,5]]
Then should equal Syntax error occurred
When evaluate [[4]
Then should equal Syntax error occurred

Scenario: Input matrix with invalid name
Given evaluator
When evaluate 2 = [[5,8]]
Then should equal 2.0
When evaluate  _ = [[5,8]]
Then should equal Syntax error occurred

Scenario: Error with matrix division
Given evaluator
When evaluate [[5]] / [[4]]
Then should equal One operand should be matrix, another should be a number

Scenario: Error input of jagged Matrix
Given evaluator
When evaluate B = [[2,44, 3,444, 4,6], [6,45, 2,5]]
Then should equal All rows must have the same length.

Scenario: Get matrix that exists in the cache
Given evaluator
When evaluate A = [[1,2,3],[1,2,3],[1,2,3]]
And evaluate A
Using timeout for story initialization_test.story of 300 secs.
Then should equal [[1.00, 2.00, 3.00], [1.00, 2.00, 3.00], [1.00, 2.00, 3.00]]

Scenario: Unexisting name of Matrix
Given evaluator
When evaluate Z
Then should equal Variable is not defined

Scenario: Save calculation of matrix
Given evaluator
When evaluate B = [[3, 5], [3, 7]]
And evaluate B = B^T
And evaluate B
Then should equal [[3.00, 3.00], [5.00, 7.00]]



(AfterStories)

Generating reports view to '/home/yaroslav/IdeaProjects/ProgrammingTechnologies/Lab3/target/jbehave' using formats '[stats, console, html, txt]' and view properties '{reports=ftl/jbehave-reports.ftl, nonDecorated=ftl/jbehave-report-non-decorated.ftl, maps=ftl/jbehave-maps.ftl, navigator=ftl/jbehave-navigator.ftl, views=ftl/jbehave-views.ftl, decorated=ftl/jbehave-report-decorated.ftl}'
Reports view generated with 7 stories (of which 0 pending) containing 32 scenarios (of which 0 pending)
]]></system-out>
  </testcase>
</testsuite>