<?xml version="1.0" encoding="UTF-8"?>
<testsuite xmlns:xsi="http://www.w3.org/2001/XMLSchema-instance" xsi:schemaLocation="https://maven.apache.org/surefire/maven-surefire-plugin/xsd/surefire-test-report.xsd" name="OperationTest" time="1.345" tests="1" errors="1" skipped="0" failures="0">
  <properties>
[...]
</properties>
  <testcase name="run" classname="OperationTest" time="1.343">
    <error message="Failures in running stories: ReportsCount[stories=7,storiesNotAllowed=0,storiesPending=0,scenarios=32,scenariosFailed=9,scenariosNotAllowed=0,scenariosPending=0,stepsFailed=9]" type="org.jbehave.core.embedder.Embedder$RunningStoriesFailed">org.jbehave.core.embedder.Embedder$RunningStoriesFailed: Failures in running stories: ReportsCount[stories=7,storiesNotAllowed=0,storiesPending=0,scenarios=32,scenariosFailed=9,scenariosNotAllowed=0,scenariosPending=0,stepsFailed=9]
	at org.jbehave.core.junit.JUnitStory.run(JUnitStory.java:24)
</error>
    <system-out><![CDATA[Processing system properties {}
Using controls EmbedderControls[batch=false,skip=false,generateViewAfterStories=true,ignoreFailureInStories=false,ignoreFailureInView=false,verboseFailures=false,verboseFiltering=false,storyTimeouts=300,threads=1,failOnStoryTimeout=false]

(BeforeStories)

Running story operation_test.story

(operation_test.story)
Narrative:
As a user
I want to perform an action
So that I can achieve a business goal
Scenario: Save matrix
Given evaluator
Using timeout for story operation_test.story of 300 secs.
When evaluate A = [[1,2,3],[1,2,3],[1,2,3]]
Then should equal [[1.00, 2.00, 3.00],[1.00, 2.00, 3.00],[1.00, 2.00, 3.00]] (FAILED)
(org.junit.ComparisonFailure: expected:<[[1.00, 2.00, 3.00],[[1.00, 2.00, 3.00],][1.00, 2.00, 3.00]]]]><![CDATA[> but was:<[[1.00, 2.00, 3.00],[ [1.00, 2.00, 3.00], ][1.00, 2.00, 3.00]]]]><![CDATA[>)

Scenario: Transpose matrix
Given evaluator
When evaluate B = A^T
Then should equal [[1.00, 1.00, 1.00],[2.00, 2.00, 2.00],[3.00, 3.00, 3.00]] (FAILED)
(org.junit.ComparisonFailure: expected:<[[[1.00, 1.00, 1.00],[2.00, 2.00, 2.00],[3.00, 3.00, 3.00]]]]]><![CDATA[> but was:<[Variable is not defined]>)

Scenario: Divide on rank
Given evaluator
When evaluate C = A / rankA
Then should equal [[0.50, 2.00, 3.50],[1.00, 2.50, 4.00],[1.50, 3.00, 4.50]] (FAILED)
(org.junit.ComparisonFailure: expected:<[[[0.50, 2.00, 3.50],[1.00, 2.50, 4.00],[1.50, 3.00, 4.50]]]]]><![CDATA[> but was:<[Variable is not defined]>)



(AfterStories)

Generating reports view to '/home/yaroslav/IdeaProjects/ProgrammingTechnologies/Lab3/target/jbehave' using formats '[stats, console, txt, html]' and view properties '{reports=ftl/jbehave-reports.ftl, nonDecorated=ftl/jbehave-report-non-decorated.ftl, maps=ftl/jbehave-maps.ftl, navigator=ftl/jbehave-navigator.ftl, views=ftl/jbehave-views.ftl, decorated=ftl/jbehave-report-decorated.ftl}'
Reports view generated with 7 stories (of which 0 pending) containing 32 scenarios (of which 0 pending)
]]></system-out>
  </testcase>
</testsuite>